notifier.rb: process with pid 35023 started.
/Users/ben/.rbenv/versions/1.9.3-p448/lib/ruby/gems/1.9.1/gems/activerecord-3.2.13/lib/active_record/connection_adapters/postgresql_adapter.rb:1216:in `initialize': FATAL:  database "villagecraft_production" does not exist (PG::ConnectionBad)
	from /Users/ben/.rbenv/versions/1.9.3-p448/lib/ruby/gems/1.9.1/gems/activerecord-3.2.13/lib/active_record/connection_adapters/postgresql_adapter.rb:1216:in `new'
	from /Users/ben/.rbenv/versions/1.9.3-p448/lib/ruby/gems/1.9.1/gems/activerecord-3.2.13/lib/active_record/connection_adapters/postgresql_adapter.rb:1216:in `connect'
	from /Users/ben/.rbenv/versions/1.9.3-p448/lib/ruby/gems/1.9.1/gems/activerecord-3.2.13/lib/active_record/connection_adapters/postgresql_adapter.rb:324:in `initialize'
	from /Users/ben/.rbenv/versions/1.9.3-p448/lib/ruby/gems/1.9.1/gems/activerecord-3.2.13/lib/active_record/connection_adapters/postgresql_adapter.rb:28:in `new'
	from /Users/ben/.rbenv/versions/1.9.3-p448/lib/ruby/gems/1.9.1/gems/activerecord-3.2.13/lib/active_record/connection_adapters/postgresql_adapter.rb:28:in `postgresql_connection'
	from /Users/ben/.rbenv/versions/1.9.3-p448/lib/ruby/gems/1.9.1/gems/activerecord-3.2.13/lib/active_record/connection_adapters/abstract/connection_pool.rb:315:in `new_connection'
	from /Users/ben/.rbenv/versions/1.9.3-p448/lib/ruby/gems/1.9.1/gems/activerecord-3.2.13/lib/active_record/connection_adapters/abstract/connection_pool.rb:325:in `checkout_new_connection'
	from /Users/ben/.rbenv/versions/1.9.3-p448/lib/ruby/gems/1.9.1/gems/activerecord-3.2.13/lib/active_record/connection_adapters/abstract/connection_pool.rb:247:in `block (2 levels) in checkout'
	from /Users/ben/.rbenv/versions/1.9.3-p448/lib/ruby/gems/1.9.1/gems/activerecord-3.2.13/lib/active_record/connection_adapters/abstract/connection_pool.rb:242:in `loop'
	from /Users/ben/.rbenv/versions/1.9.3-p448/lib/ruby/gems/1.9.1/gems/activerecord-3.2.13/lib/active_record/connection_adapters/abstract/connection_pool.rb:242:in `block in checkout'
	from /Users/ben/.rbenv/versions/1.9.3-p448/lib/ruby/1.9.1/monitor.rb:211:in `mon_synchronize'
	from /Users/ben/.rbenv/versions/1.9.3-p448/lib/ruby/gems/1.9.1/gems/activerecord-3.2.13/lib/active_record/connection_adapters/abstract/connection_pool.rb:239:in `checkout'
	from /Users/ben/.rbenv/versions/1.9.3-p448/lib/ruby/gems/1.9.1/gems/activerecord-3.2.13/lib/active_record/connection_adapters/abstract/connection_pool.rb:102:in `block in connection'
	from /Users/ben/.rbenv/versions/1.9.3-p448/lib/ruby/1.9.1/monitor.rb:211:in `mon_synchronize'
	from /Users/ben/.rbenv/versions/1.9.3-p448/lib/ruby/gems/1.9.1/gems/activerecord-3.2.13/lib/active_record/connection_adapters/abstract/connection_pool.rb:101:in `connection'
	from /Users/ben/.rbenv/versions/1.9.3-p448/lib/ruby/gems/1.9.1/gems/activerecord-3.2.13/lib/active_record/connection_adapters/abstract/connection_pool.rb:410:in `retrieve_connection'
	from /Users/ben/.rbenv/versions/1.9.3-p448/lib/ruby/gems/1.9.1/gems/activerecord-3.2.13/lib/active_record/connection_adapters/abstract/connection_specification.rb:171:in `retrieve_connection'
	from /Users/ben/.rbenv/versions/1.9.3-p448/lib/ruby/gems/1.9.1/gems/activerecord-3.2.13/lib/active_record/connection_adapters/abstract/connection_specification.rb:145:in `connection'
	from /Users/ben/.rbenv/versions/1.9.3-p448/lib/ruby/gems/1.9.1/gems/activerecord-3.2.13/lib/active_record/model_schema.rb:308:in `clear_cache!'
	from /Users/ben/.rbenv/versions/1.9.3-p448/lib/ruby/gems/1.9.1/gems/activerecord-3.2.13/lib/active_record/railtie.rb:104:in `block (2 levels) in <class:Railtie>'
	from /Users/ben/.rbenv/versions/1.9.3-p448/lib/ruby/gems/1.9.1/gems/activesupport-3.2.13/lib/active_support/callbacks.rb:418:in `_run__2931970573619734180__prepare__3288752356492523963__callbacks'
	from /Users/ben/.rbenv/versions/1.9.3-p448/lib/ruby/gems/1.9.1/gems/activesupport-3.2.13/lib/active_support/callbacks.rb:405:in `__run_callback'
	from /Users/ben/.rbenv/versions/1.9.3-p448/lib/ruby/gems/1.9.1/gems/activesupport-3.2.13/lib/active_support/callbacks.rb:385:in `_run_prepare_callbacks'
	from /Users/ben/.rbenv/versions/1.9.3-p448/lib/ruby/gems/1.9.1/gems/activesupport-3.2.13/lib/active_support/callbacks.rb:81:in `run_callbacks'
	from /Users/ben/.rbenv/versions/1.9.3-p448/lib/ruby/gems/1.9.1/gems/actionpack-3.2.13/lib/action_dispatch/middleware/reloader.rb:74:in `prepare!'
	from /Users/ben/.rbenv/versions/1.9.3-p448/lib/ruby/gems/1.9.1/gems/actionpack-3.2.13/lib/action_dispatch/middleware/reloader.rb:48:in `prepare!'
	from /Users/ben/.rbenv/versions/1.9.3-p448/lib/ruby/gems/1.9.1/gems/railties-3.2.13/lib/rails/application/finisher.rb:47:in `block in <module:Finisher>'
	from /Users/ben/.rbenv/versions/1.9.3-p448/lib/ruby/gems/1.9.1/gems/railties-3.2.13/lib/rails/initializable.rb:30:in `instance_exec'
	from /Users/ben/.rbenv/versions/1.9.3-p448/lib/ruby/gems/1.9.1/gems/railties-3.2.13/lib/rails/initializable.rb:30:in `run'
	from /Users/ben/.rbenv/versions/1.9.3-p448/lib/ruby/gems/1.9.1/gems/railties-3.2.13/lib/rails/initializable.rb:55:in `block in run_initializers'
	from /Users/ben/.rbenv/versions/1.9.3-p448/lib/ruby/gems/1.9.1/gems/railties-3.2.13/lib/rails/initializable.rb:54:in `each'
	from /Users/ben/.rbenv/versions/1.9.3-p448/lib/ruby/gems/1.9.1/gems/railties-3.2.13/lib/rails/initializable.rb:54:in `run_initializers'
	from /Users/ben/.rbenv/versions/1.9.3-p448/lib/ruby/gems/1.9.1/gems/railties-3.2.13/lib/rails/application.rb:136:in `initialize!'
	from /Users/ben/.rbenv/versions/1.9.3-p448/lib/ruby/gems/1.9.1/gems/railties-3.2.13/lib/rails/railtie/configurable.rb:30:in `method_missing'
	from /Users/ben/villagecraft/config/environment.rb:5:in `<top (required)>'
	from /Users/ben/.rbenv/versions/1.9.3-p448/lib/ruby/1.9.1/rubygems/custom_require.rb:55:in `require'
	from /Users/ben/.rbenv/versions/1.9.3-p448/lib/ruby/1.9.1/rubygems/custom_require.rb:55:in `require'
	from /Users/ben/villagecraft/lib/daemons/notifier.rb:10:in `<top (required)>'
	from /Users/ben/.rbenv/versions/1.9.3-p448/lib/ruby/gems/1.9.1/gems/daemons-1.1.9/lib/daemons/application.rb:203:in `load'
	from /Users/ben/.rbenv/versions/1.9.3-p448/lib/ruby/gems/1.9.1/gems/daemons-1.1.9/lib/daemons/application.rb:203:in `start_load'
	from /Users/ben/.rbenv/versions/1.9.3-p448/lib/ruby/gems/1.9.1/gems/daemons-1.1.9/lib/daemons/application.rb:298:in `start'
	from /Users/ben/.rbenv/versions/1.9.3-p448/lib/ruby/gems/1.9.1/gems/daemons-1.1.9/lib/daemons/controller.rb:70:in `run'
	from /Users/ben/.rbenv/versions/1.9.3-p448/lib/ruby/gems/1.9.1/gems/daemons-1.1.9/lib/daemons.rb:147:in `block in run'
	from /Users/ben/.rbenv/versions/1.9.3-p448/lib/ruby/gems/1.9.1/gems/daemons-1.1.9/lib/daemons/cmdline.rb:109:in `call'
	from /Users/ben/.rbenv/versions/1.9.3-p448/lib/ruby/gems/1.9.1/gems/daemons-1.1.9/lib/daemons/cmdline.rb:109:in `catch_exceptions'
	from /Users/ben/.rbenv/versions/1.9.3-p448/lib/ruby/gems/1.9.1/gems/daemons-1.1.9/lib/daemons.rb:146:in `run'
	from /Users/ben/.rbenv/versions/1.9.3-p448/lib/ruby/gems/1.9.1/gems/daemons-rails-1.2.1/lib/daemons/rails.rb:16:in `run'
	from lib/daemons/notifier_ctl:6:in `<main>'
notifier.rb: process with pid 35080 started.
/Users/ben/.rbenv/versions/1.9.3-p448/lib/ruby/gems/1.9.1/gems/activerecord-3.2.13/lib/active_record/connection_adapters/postgresql_adapter.rb:1216:in `initialize': FATAL:  database "villagecraft_production" does not exist (PG::ConnectionBad)
	from /Users/ben/.rbenv/versions/1.9.3-p448/lib/ruby/gems/1.9.1/gems/activerecord-3.2.13/lib/active_record/connection_adapters/postgresql_adapter.rb:1216:in `new'
	from /Users/ben/.rbenv/versions/1.9.3-p448/lib/ruby/gems/1.9.1/gems/activerecord-3.2.13/lib/active_record/connection_adapters/postgresql_adapter.rb:1216:in `connect'
	from /Users/ben/.rbenv/versions/1.9.3-p448/lib/ruby/gems/1.9.1/gems/activerecord-3.2.13/lib/active_record/connection_adapters/postgresql_adapter.rb:324:in `initialize'
	from /Users/ben/.rbenv/versions/1.9.3-p448/lib/ruby/gems/1.9.1/gems/activerecord-3.2.13/lib/active_record/connection_adapters/postgresql_adapter.rb:28:in `new'
	from /Users/ben/.rbenv/versions/1.9.3-p448/lib/ruby/gems/1.9.1/gems/activerecord-3.2.13/lib/active_record/connection_adapters/postgresql_adapter.rb:28:in `postgresql_connection'
	from /Users/ben/.rbenv/versions/1.9.3-p448/lib/ruby/gems/1.9.1/gems/activerecord-3.2.13/lib/active_record/connection_adapters/abstract/connection_pool.rb:315:in `new_connection'
	from /Users/ben/.rbenv/versions/1.9.3-p448/lib/ruby/gems/1.9.1/gems/activerecord-3.2.13/lib/active_record/connection_adapters/abstract/connection_pool.rb:325:in `checkout_new_connection'
	from /Users/ben/.rbenv/versions/1.9.3-p448/lib/ruby/gems/1.9.1/gems/activerecord-3.2.13/lib/active_record/connection_adapters/abstract/connection_pool.rb:247:in `block (2 levels) in checkout'
	from /Users/ben/.rbenv/versions/1.9.3-p448/lib/ruby/gems/1.9.1/gems/activerecord-3.2.13/lib/active_record/connection_adapters/abstract/connection_pool.rb:242:in `loop'
	from /Users/ben/.rbenv/versions/1.9.3-p448/lib/ruby/gems/1.9.1/gems/activerecord-3.2.13/lib/active_record/connection_adapters/abstract/connection_pool.rb:242:in `block in checkout'
	from /Users/ben/.rbenv/versions/1.9.3-p448/lib/ruby/1.9.1/monitor.rb:211:in `mon_synchronize'
	from /Users/ben/.rbenv/versions/1.9.3-p448/lib/ruby/gems/1.9.1/gems/activerecord-3.2.13/lib/active_record/connection_adapters/abstract/connection_pool.rb:239:in `checkout'
	from /Users/ben/.rbenv/versions/1.9.3-p448/lib/ruby/gems/1.9.1/gems/activerecord-3.2.13/lib/active_record/connection_adapters/abstract/connection_pool.rb:102:in `block in connection'
	from /Users/ben/.rbenv/versions/1.9.3-p448/lib/ruby/1.9.1/monitor.rb:211:in `mon_synchronize'
	from /Users/ben/.rbenv/versions/1.9.3-p448/lib/ruby/gems/1.9.1/gems/activerecord-3.2.13/lib/active_record/connection_adapters/abstract/connection_pool.rb:101:in `connection'
	from /Users/ben/.rbenv/versions/1.9.3-p448/lib/ruby/gems/1.9.1/gems/activerecord-3.2.13/lib/active_record/connection_adapters/abstract/connection_pool.rb:410:in `retrieve_connection'
	from /Users/ben/.rbenv/versions/1.9.3-p448/lib/ruby/gems/1.9.1/gems/activerecord-3.2.13/lib/active_record/connection_adapters/abstract/connection_specification.rb:171:in `retrieve_connection'
	from /Users/ben/.rbenv/versions/1.9.3-p448/lib/ruby/gems/1.9.1/gems/activerecord-3.2.13/lib/active_record/connection_adapters/abstract/connection_specification.rb:145:in `connection'
	from /Users/ben/.rbenv/versions/1.9.3-p448/lib/ruby/gems/1.9.1/gems/activerecord-3.2.13/lib/active_record/model_schema.rb:308:in `clear_cache!'
	from /Users/ben/.rbenv/versions/1.9.3-p448/lib/ruby/gems/1.9.1/gems/activerecord-3.2.13/lib/active_record/railtie.rb:104:in `block (2 levels) in <class:Railtie>'
	from /Users/ben/.rbenv/versions/1.9.3-p448/lib/ruby/gems/1.9.1/gems/activesupport-3.2.13/lib/active_support/callbacks.rb:418:in `_run__2852510290774308841__prepare__4296197895608314042__callbacks'
	from /Users/ben/.rbenv/versions/1.9.3-p448/lib/ruby/gems/1.9.1/gems/activesupport-3.2.13/lib/active_support/callbacks.rb:405:in `__run_callback'
	from /Users/ben/.rbenv/versions/1.9.3-p448/lib/ruby/gems/1.9.1/gems/activesupport-3.2.13/lib/active_support/callbacks.rb:385:in `_run_prepare_callbacks'
	from /Users/ben/.rbenv/versions/1.9.3-p448/lib/ruby/gems/1.9.1/gems/activesupport-3.2.13/lib/active_support/callbacks.rb:81:in `run_callbacks'
	from /Users/ben/.rbenv/versions/1.9.3-p448/lib/ruby/gems/1.9.1/gems/actionpack-3.2.13/lib/action_dispatch/middleware/reloader.rb:74:in `prepare!'
	from /Users/ben/.rbenv/versions/1.9.3-p448/lib/ruby/gems/1.9.1/gems/actionpack-3.2.13/lib/action_dispatch/middleware/reloader.rb:48:in `prepare!'
	from /Users/ben/.rbenv/versions/1.9.3-p448/lib/ruby/gems/1.9.1/gems/railties-3.2.13/lib/rails/application/finisher.rb:47:in `block in <module:Finisher>'
	from /Users/ben/.rbenv/versions/1.9.3-p448/lib/ruby/gems/1.9.1/gems/railties-3.2.13/lib/rails/initializable.rb:30:in `instance_exec'
	from /Users/ben/.rbenv/versions/1.9.3-p448/lib/ruby/gems/1.9.1/gems/railties-3.2.13/lib/rails/initializable.rb:30:in `run'
	from /Users/ben/.rbenv/versions/1.9.3-p448/lib/ruby/gems/1.9.1/gems/railties-3.2.13/lib/rails/initializable.rb:55:in `block in run_initializers'
	from /Users/ben/.rbenv/versions/1.9.3-p448/lib/ruby/gems/1.9.1/gems/railties-3.2.13/lib/rails/initializable.rb:54:in `each'
	from /Users/ben/.rbenv/versions/1.9.3-p448/lib/ruby/gems/1.9.1/gems/railties-3.2.13/lib/rails/initializable.rb:54:in `run_initializers'
	from /Users/ben/.rbenv/versions/1.9.3-p448/lib/ruby/gems/1.9.1/gems/railties-3.2.13/lib/rails/application.rb:136:in `initialize!'
	from /Users/ben/.rbenv/versions/1.9.3-p448/lib/ruby/gems/1.9.1/gems/railties-3.2.13/lib/rails/railtie/configurable.rb:30:in `method_missing'
	from /Users/ben/villagecraft/config/environment.rb:5:in `<top (required)>'
	from /Users/ben/.rbenv/versions/1.9.3-p448/lib/ruby/1.9.1/rubygems/custom_require.rb:55:in `require'
	from /Users/ben/.rbenv/versions/1.9.3-p448/lib/ruby/1.9.1/rubygems/custom_require.rb:55:in `require'
	from /Users/ben/villagecraft/lib/daemons/notifier.rb:10:in `<top (required)>'
	from /Users/ben/.rbenv/versions/1.9.3-p448/lib/ruby/gems/1.9.1/gems/daemons-1.1.9/lib/daemons/application.rb:203:in `load'
	from /Users/ben/.rbenv/versions/1.9.3-p448/lib/ruby/gems/1.9.1/gems/daemons-1.1.9/lib/daemons/application.rb:203:in `start_load'
	from /Users/ben/.rbenv/versions/1.9.3-p448/lib/ruby/gems/1.9.1/gems/daemons-1.1.9/lib/daemons/application.rb:298:in `start'
	from /Users/ben/.rbenv/versions/1.9.3-p448/lib/ruby/gems/1.9.1/gems/daemons-1.1.9/lib/daemons/controller.rb:70:in `run'
	from /Users/ben/.rbenv/versions/1.9.3-p448/lib/ruby/gems/1.9.1/gems/daemons-1.1.9/lib/daemons.rb:147:in `block in run'
	from /Users/ben/.rbenv/versions/1.9.3-p448/lib/ruby/gems/1.9.1/gems/daemons-1.1.9/lib/daemons/cmdline.rb:109:in `call'
	from /Users/ben/.rbenv/versions/1.9.3-p448/lib/ruby/gems/1.9.1/gems/daemons-1.1.9/lib/daemons/cmdline.rb:109:in `catch_exceptions'
	from /Users/ben/.rbenv/versions/1.9.3-p448/lib/ruby/gems/1.9.1/gems/daemons-1.1.9/lib/daemons.rb:146:in `run'
	from /Users/ben/.rbenv/versions/1.9.3-p448/lib/ruby/gems/1.9.1/gems/daemons-rails-1.2.1/lib/daemons/rails.rb:16:in `run'
	from lib/daemons/notifier_ctl:6:in `<main>'
notifier.rb: process with pid 35143 started.
/Users/ben/.rbenv/versions/1.9.3-p448/lib/ruby/gems/1.9.1/gems/activerecord-3.2.13/lib/active_record/connection_adapters/postgresql_adapter.rb:1216:in `initialize': FATAL:  database "villagecraft_production" does not exist (PG::ConnectionBad)
	from /Users/ben/.rbenv/versions/1.9.3-p448/lib/ruby/gems/1.9.1/gems/activerecord-3.2.13/lib/active_record/connection_adapters/postgresql_adapter.rb:1216:in `new'
	from /Users/ben/.rbenv/versions/1.9.3-p448/lib/ruby/gems/1.9.1/gems/activerecord-3.2.13/lib/active_record/connection_adapters/postgresql_adapter.rb:1216:in `connect'
	from /Users/ben/.rbenv/versions/1.9.3-p448/lib/ruby/gems/1.9.1/gems/activerecord-3.2.13/lib/active_record/connection_adapters/postgresql_adapter.rb:324:in `initialize'
	from /Users/ben/.rbenv/versions/1.9.3-p448/lib/ruby/gems/1.9.1/gems/activerecord-3.2.13/lib/active_record/connection_adapters/postgresql_adapter.rb:28:in `new'
	from /Users/ben/.rbenv/versions/1.9.3-p448/lib/ruby/gems/1.9.1/gems/activerecord-3.2.13/lib/active_record/connection_adapters/postgresql_adapter.rb:28:in `postgresql_connection'
	from /Users/ben/.rbenv/versions/1.9.3-p448/lib/ruby/gems/1.9.1/gems/activerecord-3.2.13/lib/active_record/connection_adapters/abstract/connection_pool.rb:315:in `new_connection'
	from /Users/ben/.rbenv/versions/1.9.3-p448/lib/ruby/gems/1.9.1/gems/activerecord-3.2.13/lib/active_record/connection_adapters/abstract/connection_pool.rb:325:in `checkout_new_connection'
	from /Users/ben/.rbenv/versions/1.9.3-p448/lib/ruby/gems/1.9.1/gems/activerecord-3.2.13/lib/active_record/connection_adapters/abstract/connection_pool.rb:247:in `block (2 levels) in checkout'
	from /Users/ben/.rbenv/versions/1.9.3-p448/lib/ruby/gems/1.9.1/gems/activerecord-3.2.13/lib/active_record/connection_adapters/abstract/connection_pool.rb:242:in `loop'
	from /Users/ben/.rbenv/versions/1.9.3-p448/lib/ruby/gems/1.9.1/gems/activerecord-3.2.13/lib/active_record/connection_adapters/abstract/connection_pool.rb:242:in `block in checkout'
	from /Users/ben/.rbenv/versions/1.9.3-p448/lib/ruby/1.9.1/monitor.rb:211:in `mon_synchronize'
	from /Users/ben/.rbenv/versions/1.9.3-p448/lib/ruby/gems/1.9.1/gems/activerecord-3.2.13/lib/active_record/connection_adapters/abstract/connection_pool.rb:239:in `checkout'
	from /Users/ben/.rbenv/versions/1.9.3-p448/lib/ruby/gems/1.9.1/gems/activerecord-3.2.13/lib/active_record/connection_adapters/abstract/connection_pool.rb:102:in `block in connection'
	from /Users/ben/.rbenv/versions/1.9.3-p448/lib/ruby/1.9.1/monitor.rb:211:in `mon_synchronize'
	from /Users/ben/.rbenv/versions/1.9.3-p448/lib/ruby/gems/1.9.1/gems/activerecord-3.2.13/lib/active_record/connection_adapters/abstract/connection_pool.rb:101:in `connection'
	from /Users/ben/.rbenv/versions/1.9.3-p448/lib/ruby/gems/1.9.1/gems/activerecord-3.2.13/lib/active_record/connection_adapters/abstract/connection_pool.rb:410:in `retrieve_connection'
	from /Users/ben/.rbenv/versions/1.9.3-p448/lib/ruby/gems/1.9.1/gems/activerecord-3.2.13/lib/active_record/connection_adapters/abstract/connection_specification.rb:171:in `retrieve_connection'
	from /Users/ben/.rbenv/versions/1.9.3-p448/lib/ruby/gems/1.9.1/gems/activerecord-3.2.13/lib/active_record/connection_adapters/abstract/connection_specification.rb:145:in `connection'
	from /Users/ben/.rbenv/versions/1.9.3-p448/lib/ruby/gems/1.9.1/gems/activerecord-3.2.13/lib/active_record/model_schema.rb:308:in `clear_cache!'
	from /Users/ben/.rbenv/versions/1.9.3-p448/lib/ruby/gems/1.9.1/gems/activerecord-3.2.13/lib/active_record/railtie.rb:104:in `block (2 levels) in <class:Railtie>'
	from /Users/ben/.rbenv/versions/1.9.3-p448/lib/ruby/gems/1.9.1/gems/activesupport-3.2.13/lib/active_support/callbacks.rb:418:in `_run__4477564341132360824__prepare__2552083015936830107__callbacks'
	from /Users/ben/.rbenv/versions/1.9.3-p448/lib/ruby/gems/1.9.1/gems/activesupport-3.2.13/lib/active_support/callbacks.rb:405:in `__run_callback'
	from /Users/ben/.rbenv/versions/1.9.3-p448/lib/ruby/gems/1.9.1/gems/activesupport-3.2.13/lib/active_support/callbacks.rb:385:in `_run_prepare_callbacks'
	from /Users/ben/.rbenv/versions/1.9.3-p448/lib/ruby/gems/1.9.1/gems/activesupport-3.2.13/lib/active_support/callbacks.rb:81:in `run_callbacks'
	from /Users/ben/.rbenv/versions/1.9.3-p448/lib/ruby/gems/1.9.1/gems/actionpack-3.2.13/lib/action_dispatch/middleware/reloader.rb:74:in `prepare!'
	from /Users/ben/.rbenv/versions/1.9.3-p448/lib/ruby/gems/1.9.1/gems/actionpack-3.2.13/lib/action_dispatch/middleware/reloader.rb:48:in `prepare!'
	from /Users/ben/.rbenv/versions/1.9.3-p448/lib/ruby/gems/1.9.1/gems/railties-3.2.13/lib/rails/application/finisher.rb:47:in `block in <module:Finisher>'
	from /Users/ben/.rbenv/versions/1.9.3-p448/lib/ruby/gems/1.9.1/gems/railties-3.2.13/lib/rails/initializable.rb:30:in `instance_exec'
	from /Users/ben/.rbenv/versions/1.9.3-p448/lib/ruby/gems/1.9.1/gems/railties-3.2.13/lib/rails/initializable.rb:30:in `run'
	from /Users/ben/.rbenv/versions/1.9.3-p448/lib/ruby/gems/1.9.1/gems/railties-3.2.13/lib/rails/initializable.rb:55:in `block in run_initializers'
	from /Users/ben/.rbenv/versions/1.9.3-p448/lib/ruby/gems/1.9.1/gems/railties-3.2.13/lib/rails/initializable.rb:54:in `each'
	from /Users/ben/.rbenv/versions/1.9.3-p448/lib/ruby/gems/1.9.1/gems/railties-3.2.13/lib/rails/initializable.rb:54:in `run_initializers'
	from /Users/ben/.rbenv/versions/1.9.3-p448/lib/ruby/gems/1.9.1/gems/railties-3.2.13/lib/rails/application.rb:136:in `initialize!'
	from /Users/ben/.rbenv/versions/1.9.3-p448/lib/ruby/gems/1.9.1/gems/railties-3.2.13/lib/rails/railtie/configurable.rb:30:in `method_missing'
	from /Users/ben/villagecraft/config/environment.rb:5:in `<top (required)>'
	from /Users/ben/.rbenv/versions/1.9.3-p448/lib/ruby/1.9.1/rubygems/custom_require.rb:55:in `require'
	from /Users/ben/.rbenv/versions/1.9.3-p448/lib/ruby/1.9.1/rubygems/custom_require.rb:55:in `require'
	from /Users/ben/villagecraft/lib/daemons/notifier.rb:10:in `<top (required)>'
	from /Users/ben/.rbenv/versions/1.9.3-p448/lib/ruby/gems/1.9.1/gems/daemons-1.1.9/lib/daemons/application.rb:203:in `load'
	from /Users/ben/.rbenv/versions/1.9.3-p448/lib/ruby/gems/1.9.1/gems/daemons-1.1.9/lib/daemons/application.rb:203:in `start_load'
	from /Users/ben/.rbenv/versions/1.9.3-p448/lib/ruby/gems/1.9.1/gems/daemons-1.1.9/lib/daemons/application.rb:298:in `start'
	from /Users/ben/.rbenv/versions/1.9.3-p448/lib/ruby/gems/1.9.1/gems/daemons-1.1.9/lib/daemons/controller.rb:70:in `run'
	from /Users/ben/.rbenv/versions/1.9.3-p448/lib/ruby/gems/1.9.1/gems/daemons-1.1.9/lib/daemons.rb:147:in `block in run'
	from /Users/ben/.rbenv/versions/1.9.3-p448/lib/ruby/gems/1.9.1/gems/daemons-1.1.9/lib/daemons/cmdline.rb:109:in `call'
	from /Users/ben/.rbenv/versions/1.9.3-p448/lib/ruby/gems/1.9.1/gems/daemons-1.1.9/lib/daemons/cmdline.rb:109:in `catch_exceptions'
	from /Users/ben/.rbenv/versions/1.9.3-p448/lib/ruby/gems/1.9.1/gems/daemons-1.1.9/lib/daemons.rb:146:in `run'
	from /Users/ben/.rbenv/versions/1.9.3-p448/lib/ruby/gems/1.9.1/gems/daemons-rails-1.2.1/lib/daemons/rails.rb:16:in `run'
	from lib/daemons/notifier_ctl:6:in `<main>'
notifier.rb: process with pid 35205 started.
notifier.rb: process with pid 35269 started.
